  mapTool.cpp
c:\users\carin\desktop\바탕화면에 있는 것들\동굴이야기\cavestory\d2d\tilenode.h(24): warning C4005: 'TS_DOOR': 매크로 재정의
  c:\users\carin\desktop\바탕화면에 있는 것들\동굴이야기\cavestory\d2d\tilenode.h(19): note: 'TS_DOOR'의 이전 정의를 참조하십시오.
c:\users\carin\desktop\바탕화면에 있는 것들\동굴이야기\cavestory\d2d\tilenode.h(131): warning C4091: 'typedef ': 변수를 선언하지 않으면 'tagTile' 왼쪽은 무시됩니다.
c:\users\carin\desktop\바탕화면에 있는 것들\동굴이야기\cavestory\d2d\maptool.cpp(187): warning C4244: '인수': 'float'에서 'int'(으)로 변환하면서 데이터가 손실될 수 있습니다.
c:\users\carin\desktop\바탕화면에 있는 것들\동굴이야기\cavestory\d2d\maptool.cpp(210): warning C4018: '<': signed 또는 unsigned가 일치하지 않습니다.
c:\users\carin\desktop\바탕화면에 있는 것들\동굴이야기\cavestory\d2d\maptool.cpp(212): warning C4018: '<': signed 또는 unsigned가 일치하지 않습니다.
c:\users\carin\desktop\바탕화면에 있는 것들\동굴이야기\cavestory\d2d\maptool.cpp(226): warning C4244: '인수': 'int'에서 'float'(으)로 변환하면서 데이터가 손실될 수 있습니다.
c:\users\carin\desktop\바탕화면에 있는 것들\동굴이야기\cavestory\d2d\maptool.cpp(230): warning C4244: '인수': 'int'에서 'float'(으)로 변환하면서 데이터가 손실될 수 있습니다.
c:\users\carin\desktop\바탕화면에 있는 것들\동굴이야기\cavestory\d2d\maptool.cpp(236): warning C4244: '인수': 'int'에서 'float'(으)로 변환하면서 데이터가 손실될 수 있습니다.
c:\users\carin\desktop\바탕화면에 있는 것들\동굴이야기\cavestory\d2d\maptool.cpp(241): warning C4244: '인수': 'int'에서 'float'(으)로 변환하면서 데이터가 손실될 수 있습니다.
c:\users\carin\desktop\바탕화면에 있는 것들\동굴이야기\cavestory\d2d\maptool.cpp(250): warning C4018: '<': signed 또는 unsigned가 일치하지 않습니다.
c:\users\carin\desktop\바탕화면에 있는 것들\동굴이야기\cavestory\d2d\maptool.cpp(252): warning C4018: '<': signed 또는 unsigned가 일치하지 않습니다.
c:\users\carin\desktop\바탕화면에 있는 것들\동굴이야기\cavestory\d2d\maptool.cpp(266): warning C4244: '인수': 'int'에서 'float'(으)로 변환하면서 데이터가 손실될 수 있습니다.
c:\users\carin\desktop\바탕화면에 있는 것들\동굴이야기\cavestory\d2d\maptool.cpp(265): warning C4244: '인수': 'int'에서 'float'(으)로 변환하면서 데이터가 손실될 수 있습니다.
c:\users\carin\desktop\바탕화면에 있는 것들\동굴이야기\cavestory\d2d\maptool.cpp(308): warning C4018: '<': signed 또는 unsigned가 일치하지 않습니다.
c:\users\carin\desktop\바탕화면에 있는 것들\동굴이야기\cavestory\d2d\maptool.cpp(310): warning C4018: '<': signed 또는 unsigned가 일치하지 않습니다.
c:\users\carin\desktop\바탕화면에 있는 것들\동굴이야기\cavestory\d2d\maptool.cpp(323): warning C4244: '인수': 'int'에서 'float'(으)로 변환하면서 데이터가 손실될 수 있습니다.
c:\users\carin\desktop\바탕화면에 있는 것들\동굴이야기\cavestory\d2d\maptool.cpp(433): warning C4018: '<': signed 또는 unsigned가 일치하지 않습니다.
c:\users\carin\desktop\바탕화면에 있는 것들\동굴이야기\cavestory\d2d\maptool.cpp(436): warning C4018: '<': signed 또는 unsigned가 일치하지 않습니다.
c:\users\carin\desktop\바탕화면에 있는 것들\동굴이야기\cavestory\d2d\maptool.cpp(479): warning C4018: '<': signed 또는 unsigned가 일치하지 않습니다.
c:\users\carin\desktop\바탕화면에 있는 것들\동굴이야기\cavestory\d2d\maptool.cpp(482): warning C4018: '<': signed 또는 unsigned가 일치하지 않습니다.
c:\users\carin\desktop\바탕화면에 있는 것들\동굴이야기\cavestory\d2d\maptool.cpp(526): warning C4018: '<': signed 또는 unsigned가 일치하지 않습니다.
c:\users\carin\desktop\바탕화면에 있는 것들\동굴이야기\cavestory\d2d\maptool.cpp(529): warning C4018: '<': signed 또는 unsigned가 일치하지 않습니다.
c:\users\carin\desktop\바탕화면에 있는 것들\동굴이야기\cavestory\d2d\maptool.cpp(572): warning C4018: '<': signed 또는 unsigned가 일치하지 않습니다.
c:\users\carin\desktop\바탕화면에 있는 것들\동굴이야기\cavestory\d2d\maptool.cpp(575): warning C4018: '<': signed 또는 unsigned가 일치하지 않습니다.
c:\users\carin\desktop\바탕화면에 있는 것들\동굴이야기\cavestory\d2d\maptool.cpp(649): warning C4244: '초기화 중': 'FLOAT'에서 'int'(으)로 변환하면서 데이터가 손실될 수 있습니다.
c:\users\carin\desktop\바탕화면에 있는 것들\동굴이야기\cavestory\d2d\maptool.cpp(650): warning C4244: '초기화 중': 'FLOAT'에서 'int'(으)로 변환하면서 데이터가 손실될 수 있습니다.
c:\users\carin\desktop\바탕화면에 있는 것들\동굴이야기\cavestory\d2d\maptool.cpp(782): warning C4552: '+': 식의 결과가 사용되지 않습니다.
c:\users\carin\desktop\바탕화면에 있는 것들\동굴이야기\cavestory\d2d\maptool.cpp(784): warning C4552: '+': 식의 결과가 사용되지 않습니다.
c:\users\carin\desktop\바탕화면에 있는 것들\동굴이야기\cavestory\d2d\maptool.cpp(811): warning C4018: '<': signed 또는 unsigned가 일치하지 않습니다.
c:\users\carin\desktop\바탕화면에 있는 것들\동굴이야기\cavestory\d2d\maptool.cpp(813): warning C4018: '<': signed 또는 unsigned가 일치하지 않습니다.
c:\users\carin\desktop\바탕화면에 있는 것들\동굴이야기\cavestory\d2d\maptool.cpp(834): warning C4018: '<': signed 또는 unsigned가 일치하지 않습니다.
c:\users\carin\desktop\바탕화면에 있는 것들\동굴이야기\cavestory\d2d\maptool.cpp(836): warning C4018: '<': signed 또는 unsigned가 일치하지 않습니다.
c:\users\carin\desktop\바탕화면에 있는 것들\동굴이야기\cavestory\d2d\maptool.cpp(843): warning C4018: '<': signed 또는 unsigned가 일치하지 않습니다.
c:\users\carin\desktop\바탕화면에 있는 것들\동굴이야기\cavestory\d2d\maptool.cpp(845): warning C4018: '<': signed 또는 unsigned가 일치하지 않습니다.
c:\users\carin\desktop\바탕화면에 있는 것들\동굴이야기\cavestory\d2d\maptool.cpp(863): warning C4018: '<': signed 또는 unsigned가 일치하지 않습니다.
c:\users\carin\desktop\바탕화면에 있는 것들\동굴이야기\cavestory\d2d\maptool.cpp(865): warning C4018: '<': signed 또는 unsigned가 일치하지 않습니다.
c:\users\carin\desktop\바탕화면에 있는 것들\동굴이야기\cavestory\d2d\maptool.cpp(872): warning C4018: '<': signed 또는 unsigned가 일치하지 않습니다.
c:\users\carin\desktop\바탕화면에 있는 것들\동굴이야기\cavestory\d2d\maptool.cpp(874): warning C4018: '<': signed 또는 unsigned가 일치하지 않습니다.
c:\users\carin\desktop\바탕화면에 있는 것들\동굴이야기\cavestory\d2d\maptool.cpp(892): warning C4018: '<': signed 또는 unsigned가 일치하지 않습니다.
c:\users\carin\desktop\바탕화면에 있는 것들\동굴이야기\cavestory\d2d\maptool.cpp(894): warning C4018: '<': signed 또는 unsigned가 일치하지 않습니다.
c:\users\carin\desktop\바탕화면에 있는 것들\동굴이야기\cavestory\d2d\maptool.cpp(901): warning C4018: '<': signed 또는 unsigned가 일치하지 않습니다.
c:\users\carin\desktop\바탕화면에 있는 것들\동굴이야기\cavestory\d2d\maptool.cpp(903): warning C4018: '<': signed 또는 unsigned가 일치하지 않습니다.
c:\users\carin\desktop\바탕화면에 있는 것들\동굴이야기\cavestory\d2d\maptool.cpp(959): warning C4267: '인수': 'size_t'에서 'DWORD'(으)로 변환하면서 데이터가 손실될 수 있습니다.
c:\users\carin\desktop\바탕화면에 있는 것들\동굴이야기\cavestory\d2d\maptool.cpp(964): warning C4018: '<': signed 또는 unsigned가 일치하지 않습니다.
c:\users\carin\desktop\바탕화면에 있는 것들\동굴이야기\cavestory\d2d\maptool.cpp(966): warning C4018: '<': signed 또는 unsigned가 일치하지 않습니다.
c:\users\carin\desktop\바탕화면에 있는 것들\동굴이야기\cavestory\d2d\maptool.cpp(1054): warning C4101: 'write2' :참조되지 않은 지역 변수입니다.
c:\users\carin\desktop\바탕화면에 있는 것들\동굴이야기\cavestory\d2d\maptool.cpp(1120): warning C4018: '<': signed 또는 unsigned가 일치하지 않습니다.
c:\users\carin\desktop\바탕화면에 있는 것들\동굴이야기\cavestory\d2d\maptool.cpp(1137): warning C4018: '<': signed 또는 unsigned가 일치하지 않습니다.
c:\users\carin\desktop\바탕화면에 있는 것들\동굴이야기\cavestory\d2d\maptool.cpp(1139): warning C4018: '<': signed 또는 unsigned가 일치하지 않습니다.
c:\users\carin\desktop\바탕화면에 있는 것들\동굴이야기\cavestory\d2d\maptool.cpp(1231): warning C4553: '==': 식의 결과가 사용되지 않습니다. '='을(를) 의도했습니까?
c:\users\carin\desktop\바탕화면에 있는 것들\동굴이야기\cavestory\d2d\maptool.cpp(1317): warning C4018: '<': signed 또는 unsigned가 일치하지 않습니다.
c:\users\carin\desktop\바탕화면에 있는 것들\동굴이야기\cavestory\d2d\maptool.cpp(1343): warning C4018: '<': signed 또는 unsigned가 일치하지 않습니다.
c:\users\carin\desktop\바탕화면에 있는 것들\동굴이야기\cavestory\d2d\maptool.cpp(1374): warning C4018: '<': signed 또는 unsigned가 일치하지 않습니다.
  mapToolScene.cpp
c:\users\carin\desktop\바탕화면에 있는 것들\동굴이야기\cavestory\d2d\tilenode.h(24): warning C4005: 'TS_DOOR': 매크로 재정의
  c:\users\carin\desktop\바탕화면에 있는 것들\동굴이야기\cavestory\d2d\tilenode.h(19): note: 'TS_DOOR'의 이전 정의를 참조하십시오.
c:\users\carin\desktop\바탕화면에 있는 것들\동굴이야기\cavestory\d2d\tilenode.h(131): warning C4091: 'typedef ': 변수를 선언하지 않으면 'tagTile' 왼쪽은 무시됩니다.
  playGround.cpp
c:\users\carin\desktop\바탕화면에 있는 것들\동굴이야기\cavestory\d2d\tilenode.h(24): warning C4005: 'TS_DOOR': 매크로 재정의
  c:\users\carin\desktop\바탕화면에 있는 것들\동굴이야기\cavestory\d2d\tilenode.h(19): note: 'TS_DOOR'의 이전 정의를 참조하십시오.
c:\users\carin\desktop\바탕화면에 있는 것들\동굴이야기\cavestory\d2d\tilenode.h(131): warning C4091: 'typedef ': 변수를 선언하지 않으면 'tagTile' 왼쪽은 무시됩니다.
c:\users\carin\desktop\바탕화면에 있는 것들\동굴이야기\cavestory\d2d\playground.cpp(70): warning C4477: 'swprintf_s' : 서식 문자열 '%d'에 'int' 형식의 인수가 필요하지만 variadic 인수 1의 형식이 'double'입니다.
c:\users\carin\desktop\바탕화면에 있는 것들\동굴이야기\cavestory\d2d\playground.cpp(72): warning C4477: 'swprintf_s' : 서식 문자열 '%d'에 'int' 형식의 인수가 필요하지만 variadic 인수 1의 형식이 'double'입니다.
  windowsAPI.cpp
c:\users\carin\desktop\바탕화면에 있는 것들\동굴이야기\cavestory\d2d\tilenode.h(24): warning C4005: 'TS_DOOR': 매크로 재정의
  c:\users\carin\desktop\바탕화면에 있는 것들\동굴이야기\cavestory\d2d\tilenode.h(19): note: 'TS_DOOR'의 이전 정의를 참조하십시오.
c:\users\carin\desktop\바탕화면에 있는 것들\동굴이야기\cavestory\d2d\tilenode.h(131): warning C4091: 'typedef ': 변수를 선언하지 않으면 'tagTile' 왼쪽은 무시됩니다.
c:\users\carin\desktop\바탕화면에 있는 것들\동굴이야기\cavestory\d2d\windowsapi.cpp(85): warning C4244: 'return': 'WPARAM'에서 'int'(으)로 변환하면서 데이터가 손실될 수 있습니다.
  코드를 생성하고 있습니다...
  windowsAPI.vcxproj -> C:\Users\carin\Desktop\바탕화면에 있는 것들\동굴이야기\caveStory\d2d\x64\Debug\windowsAPI.exe
